<?xml version="1.0" encoding="UTF-8"?>
<!-- Generated by org.testng.reporters.JUnitXMLReporter -->
<testsuite hostname="DESKTOP-DL8SJEG" ignored="0" name="02_eCommerce_PayBylink" tests="19" failures="0" timestamp="30 Oct 2020 07:14:15 GMT" time="0.409" errors="0">
  <testcase name="@BeforeTest NavigatetoURL" time="0.079" classname="testClassCreatePaylink.eCommerceMakePayment">
    <failure type="java.lang.NullPointerException">
      <![CDATA[java.lang.NullPointerException
at java.util.Objects.requireNonNull(Unknown Source)
at org.openqa.selenium.support.ui.FluentWait.<init>(FluentWait.java:106)
at org.openqa.selenium.support.ui.WebDriverWait.<init>(WebDriverWait.java:85)
at org.openqa.selenium.support.ui.WebDriverWait.<init>(WebDriverWait.java:45)
at testClassCreatePaylink.eCommerceMakePayment.NavigatetoURL(eCommerceMakePayment.java:62)
... Removed 24 stack frames]]>
    </failure>
  </testcase> <!-- @BeforeTest NavigatetoURL -->
  <testcase name="@AfterTest fnClose" time="0.0" classname="testClassCreatePaylink.eCommerceMakePayment">
    <skipped/>
  </testcase> <!-- @AfterTest fnClose -->
  <testcase name="fnLogin" time="0.0" classname="testClassCreatePaylink.eCommerceMakePayment">
    <skipped/>
  </testcase> <!-- fnLogin -->
  <testcase name="fn1stVPOS" time="0.0" classname="testClassCreatePaylink.eCommerceMakePayment">
    <skipped/>
  </testcase> <!-- fn1stVPOS -->
  <testcase name="fncreatelink" time="0.0" classname="testClassCreatePaylink.eCommerceMakePayment">
    <skipped/>
  </testcase> <!-- fncreatelink -->
  <testcase name="fncopiedlink" time="0.0" classname="testClassCreatePaylink.eCommerceMakePayment">
    <skipped/>
  </testcase> <!-- fncopiedlink -->
  <testcase name="fnmakepaymentVisa" time="0.0" classname="testClassCreatePaylink.eCommerceMakePayment">
    <skipped/>
  </testcase> <!-- fnmakepaymentVisa -->
  <testcase name="fnDelete" time="0.0" classname="testClassCreatePaylink.eCommerceMakePayment">
    <skipped/>
  </testcase> <!-- fnDelete -->
  <testcase name="fncreatelinkMasterCard" time="0.0" classname="testClassCreatePaylink.eCommerceMakePayment">
    <skipped/>
  </testcase> <!-- fncreatelinkMasterCard -->
  <testcase name="fncopiedlinkMasterCard" time="0.0" classname="testClassCreatePaylink.eCommerceMakePayment">
    <skipped/>
  </testcase> <!-- fncopiedlinkMasterCard -->
  <testcase name="fnmakepaymentMasterCard" time="0.0" classname="testClassCreatePaylink.eCommerceMakePayment">
    <skipped/>
  </testcase> <!-- fnmakepaymentMasterCard -->
  <testcase name="fnDeleteMasterCard" time="0.0" classname="testClassCreatePaylink.eCommerceMakePayment">
    <skipped/>
  </testcase> <!-- fnDeleteMasterCard -->
  <testcase name="fncreatelinkAmexCard" time="0.0" classname="testClassCreatePaylink.eCommerceMakePayment">
    <skipped/>
  </testcase> <!-- fncreatelinkAmexCard -->
  <testcase name="fncopiedlinkAmexCard" time="0.0" classname="testClassCreatePaylink.eCommerceMakePayment">
    <skipped/>
  </testcase> <!-- fncopiedlinkAmexCard -->
  <testcase name="fnmakepaymentAmexCard" time="0.0" classname="testClassCreatePaylink.eCommerceMakePayment">
    <skipped/>
  </testcase> <!-- fnmakepaymentAmexCard -->
  <testcase name="fnDeleteAmexCard" time="0.0" classname="testClassCreatePaylink.eCommerceMakePayment">
    <skipped/>
  </testcase> <!-- fnDeleteAmexCard -->
  <testcase name="fncreatelinkDiscoverCard" time="0.0" classname="testClassCreatePaylink.eCommerceMakePayment">
    <skipped/>
  </testcase> <!-- fncreatelinkDiscoverCard -->
  <testcase name="fncopiedlinkDiscoverCard" time="0.0" classname="testClassCreatePaylink.eCommerceMakePayment">
    <skipped/>
  </testcase> <!-- fncopiedlinkDiscoverCard -->
  <testcase name="fnmakepaymentDiscoverCard" time="0.0" classname="testClassCreatePaylink.eCommerceMakePayment">
    <skipped/>
  </testcase> <!-- fnmakepaymentDiscoverCard -->
  <testcase name="fnDeleteDiscoverCard" time="0.0" classname="testClassCreatePaylink.eCommerceMakePayment">
    <skipped/>
  </testcase> <!-- fnDeleteDiscoverCard -->
  <testcase name="fnLogout" time="0.0" classname="testClassCreatePaylink.eCommerceMakePayment">
    <skipped/>
  </testcase> <!-- fnLogout -->
</testsuite> <!-- 02_eCommerce_PayBylink -->
