<?xml version="1.0" encoding="UTF-8"?>
<testng-results skipped="0" failed="1" ignored="0" total="20" passed="19">
  <reporter-output>
  </reporter-output>
  <suite name="1stPayVPOS: CreatePayLink" duration-ms="416865" started-at="2020-11-11T10:05:29Z" finished-at="2020-11-11T10:12:25Z">
    <groups>
    </groups>
    <test name="01_TestBase" duration-ms="17041" started-at="2020-11-11T10:05:29Z" finished-at="2020-11-11T10:05:46Z">
      <class name="testClassCreatePaylink.baseClass">
        <test-method status="PASS" signature="NavigatetoURL()[pri:0, instance:testClassCreatePaylink.baseClass@147ed70f]" name="NavigatetoURL" duration-ms="16820" started-at="2020-11-11T10:05:29Z" finished-at="2020-11-11T10:05:45Z">
          <reporter-output>
          </reporter-output>
        </test-method> <!-- NavigatetoURL -->
      </class> <!-- testClassCreatePaylink.baseClass -->
    </test> <!-- 01_TestBase -->
    <test name="02_eCommerce_PayBylink" duration-ms="399782" started-at="2020-11-11T10:05:46Z" finished-at="2020-11-11T10:12:25Z">
      <class name="testClassCreatePaylink.eCommerceMakePayment">
        <test-method status="PASS" signature="NavigatetoURL()[pri:0, instance:testClassCreatePaylink.eCommerceMakePayment@433d61fb]" name="NavigatetoURL" is-config="true" duration-ms="2475" started-at="2020-11-11T10:05:46Z" finished-at="2020-11-11T10:05:48Z">
          <reporter-output>
          </reporter-output>
        </test-method> <!-- NavigatetoURL -->
        <test-method status="PASS" signature="fnLogin()[pri:1, instance:testClassCreatePaylink.eCommerceMakePayment@433d61fb]" name="fnLogin" duration-ms="3013" started-at="2020-11-11T10:05:48Z" finished-at="2020-11-11T10:05:51Z">
          <reporter-output>
          </reporter-output>
        </test-method> <!-- fnLogin -->
        <test-method status="PASS" signature="fn1stVPOS()[pri:2, instance:testClassCreatePaylink.eCommerceMakePayment@433d61fb]" name="fn1stVPOS" duration-ms="18379" started-at="2020-11-11T10:05:53Z" finished-at="2020-11-11T10:06:12Z">
          <reporter-output>
          </reporter-output>
        </test-method> <!-- fn1stVPOS -->
        <test-method status="PASS" signature="fncreatelink()[pri:3, instance:testClassCreatePaylink.eCommerceMakePayment@433d61fb]" name="fncreatelink" duration-ms="8228" started-at="2020-11-11T10:06:13Z" finished-at="2020-11-11T10:06:21Z">
          <reporter-output>
          </reporter-output>
        </test-method> <!-- fncreatelink -->
        <test-method status="PASS" signature="fncopiedlink()[pri:4, instance:testClassCreatePaylink.eCommerceMakePayment@433d61fb]" name="fncopiedlink" duration-ms="540" started-at="2020-11-11T10:06:22Z" finished-at="2020-11-11T10:06:22Z">
          <reporter-output>
          </reporter-output>
        </test-method> <!-- fncopiedlink -->
        <test-method status="PASS" signature="fnmakepaymentVisa()[pri:5, instance:testClassCreatePaylink.eCommerceMakePayment@433d61fb]" name="fnmakepaymentVisa" duration-ms="8408" started-at="2020-11-11T10:06:23Z" finished-at="2020-11-11T10:06:31Z">
          <reporter-output>
          </reporter-output>
        </test-method> <!-- fnmakepaymentVisa -->
        <test-method status="PASS" signature="fnDelete()[pri:6, instance:testClassCreatePaylink.eCommerceMakePayment@433d61fb]" name="fnDelete" duration-ms="55857" started-at="2020-11-11T10:06:32Z" finished-at="2020-11-11T10:07:28Z">
          <reporter-output>
          </reporter-output>
        </test-method> <!-- fnDelete -->
        <test-method status="PASS" signature="fncreatelinkMasterCard()[pri:7, instance:testClassCreatePaylink.eCommerceMakePayment@433d61fb]" name="fncreatelinkMasterCard" duration-ms="10855" started-at="2020-11-11T10:07:28Z" finished-at="2020-11-11T10:07:39Z">
          <reporter-output>
          </reporter-output>
        </test-method> <!-- fncreatelinkMasterCard -->
        <test-method status="PASS" signature="fncopiedlinkMasterCard()[pri:8, instance:testClassCreatePaylink.eCommerceMakePayment@433d61fb]" name="fncopiedlinkMasterCard" duration-ms="340" started-at="2020-11-11T10:07:40Z" finished-at="2020-11-11T10:07:40Z">
          <reporter-output>
          </reporter-output>
        </test-method> <!-- fncopiedlinkMasterCard -->
        <test-method status="PASS" signature="fnmakepaymentMasterCard()[pri:9, instance:testClassCreatePaylink.eCommerceMakePayment@433d61fb]" name="fnmakepaymentMasterCard" duration-ms="5155" started-at="2020-11-11T10:07:41Z" finished-at="2020-11-11T10:07:46Z">
          <reporter-output>
          </reporter-output>
        </test-method> <!-- fnmakepaymentMasterCard -->
        <test-method status="FAIL" signature="fnDeleteMasterCard()[pri:10, instance:testClassCreatePaylink.eCommerceMakePayment@433d61fb]" name="fnDeleteMasterCard" duration-ms="129490" started-at="2020-11-11T10:07:47Z" finished-at="2020-11-11T10:09:56Z">
          <exception class="java.lang.AssertionError">
            <message>
              <![CDATA[Expected condition failed: waiting for presence of element located by: By.xpath: //h5[contains(text(),'delete')] (tried for 100 second(s) with 500 milliseconds interval)]]>
            </message>
            <full-stacktrace>
              <![CDATA[java.lang.AssertionError: Expected condition failed: waiting for presence of element located by: By.xpath: //h5[contains(text(),'delete')] (tried for 100 second(s) with 500 milliseconds interval)
at org.testng.Assert.fail(Assert.java:96)
at testClassCreatePaylink.eCommerceMakePayment.fnDeleteRow(eCommerceMakePayment.java:601)
at testClassCreatePaylink.eCommerceMakePayment.fnDeleteMasterCard(eCommerceMakePayment.java:253)
at sun.reflect.NativeMethodAccessorImpl.invoke0(Native Method)
at sun.reflect.NativeMethodAccessorImpl.invoke(Unknown Source)
at sun.reflect.DelegatingMethodAccessorImpl.invoke(Unknown Source)
at java.lang.reflect.Method.invoke(Unknown Source)
at org.testng.internal.MethodInvocationHelper.invokeMethod(MethodInvocationHelper.java:124)
at org.testng.internal.Invoker.invokeMethod(Invoker.java:583)
at org.testng.internal.Invoker.invokeTestMethod(Invoker.java:719)
at org.testng.internal.Invoker.invokeTestMethods(Invoker.java:989)
at org.testng.internal.TestMethodWorker.invokeTestMethods(TestMethodWorker.java:125)
at org.testng.internal.TestMethodWorker.run(TestMethodWorker.java:109)
at org.testng.TestRunner.privateRun(TestRunner.java:648)
at org.testng.TestRunner.run(TestRunner.java:505)
at org.testng.SuiteRunner.runTest(SuiteRunner.java:455)
at org.testng.SuiteRunner.runSequentially(SuiteRunner.java:450)
at org.testng.SuiteRunner.privateRun(SuiteRunner.java:415)
at org.testng.SuiteRunner.run(SuiteRunner.java:364)
at org.testng.SuiteRunnerWorker.runSuite(SuiteRunnerWorker.java:52)
at org.testng.SuiteRunnerWorker.run(SuiteRunnerWorker.java:84)
at org.testng.TestNG.runSuitesSequentially(TestNG.java:1208)
at org.testng.TestNG.runSuitesLocally(TestNG.java:1137)
at org.testng.TestNG.runSuites(TestNG.java:1049)
at org.testng.TestNG.run(TestNG.java:1017)
at org.testng.remote.AbstractRemoteTestNG.run(AbstractRemoteTestNG.java:132)
at org.testng.remote.RemoteTestNG.initAndRun(RemoteTestNG.java:230)
at org.testng.remote.RemoteTestNG.main(RemoteTestNG.java:76)
]]>
            </full-stacktrace>
          </exception> <!-- java.lang.AssertionError -->
          <reporter-output>
          </reporter-output>
        </test-method> <!-- fnDeleteMasterCard -->
        <test-method status="PASS" signature="fncreatelinkAmexCard()[pri:11, instance:testClassCreatePaylink.eCommerceMakePayment@433d61fb]" name="fncreatelinkAmexCard" duration-ms="11493" started-at="2020-11-11T10:09:57Z" finished-at="2020-11-11T10:10:08Z">
          <reporter-output>
          </reporter-output>
        </test-method> <!-- fncreatelinkAmexCard -->
        <test-method status="PASS" signature="fncopiedlinkAmexCard()[pri:12, instance:testClassCreatePaylink.eCommerceMakePayment@433d61fb]" name="fncopiedlinkAmexCard" duration-ms="339" started-at="2020-11-11T10:10:09Z" finished-at="2020-11-11T10:10:09Z">
          <reporter-output>
          </reporter-output>
        </test-method> <!-- fncopiedlinkAmexCard -->
        <test-method status="PASS" signature="fnmakepaymentAmexCard()[pri:13, instance:testClassCreatePaylink.eCommerceMakePayment@433d61fb]" name="fnmakepaymentAmexCard" duration-ms="4855" started-at="2020-11-11T10:10:10Z" finished-at="2020-11-11T10:10:15Z">
          <reporter-output>
          </reporter-output>
        </test-method> <!-- fnmakepaymentAmexCard -->
        <test-method status="PASS" signature="fnDeleteAmexCard()[pri:14, instance:testClassCreatePaylink.eCommerceMakePayment@433d61fb]" name="fnDeleteAmexCard" duration-ms="56005" started-at="2020-11-11T10:10:16Z" finished-at="2020-11-11T10:11:12Z">
          <reporter-output>
          </reporter-output>
        </test-method> <!-- fnDeleteAmexCard -->
        <test-method status="PASS" signature="fncreatelinkDiscoverCard()[pri:15, instance:testClassCreatePaylink.eCommerceMakePayment@433d61fb]" name="fncreatelinkDiscoverCard" duration-ms="7617" started-at="2020-11-11T10:11:12Z" finished-at="2020-11-11T10:11:20Z">
          <reporter-output>
          </reporter-output>
        </test-method> <!-- fncreatelinkDiscoverCard -->
        <test-method status="PASS" signature="fncopiedlinkDiscoverCard()[pri:16, instance:testClassCreatePaylink.eCommerceMakePayment@433d61fb]" name="fncopiedlinkDiscoverCard" duration-ms="332" started-at="2020-11-11T10:11:21Z" finished-at="2020-11-11T10:11:21Z">
          <reporter-output>
          </reporter-output>
        </test-method> <!-- fncopiedlinkDiscoverCard -->
        <test-method status="PASS" signature="fnmakepaymentDiscoverCard()[pri:17, instance:testClassCreatePaylink.eCommerceMakePayment@433d61fb]" name="fnmakepaymentDiscoverCard" duration-ms="4651" started-at="2020-11-11T10:11:22Z" finished-at="2020-11-11T10:11:26Z">
          <reporter-output>
          </reporter-output>
        </test-method> <!-- fnmakepaymentDiscoverCard -->
        <test-method status="PASS" signature="fnDeleteDiscoverCard()[pri:18, instance:testClassCreatePaylink.eCommerceMakePayment@433d61fb]" name="fnDeleteDiscoverCard" duration-ms="53126" started-at="2020-11-11T10:11:27Z" finished-at="2020-11-11T10:12:20Z">
          <reporter-output>
          </reporter-output>
        </test-method> <!-- fnDeleteDiscoverCard -->
        <test-method status="PASS" signature="fnLogout()[pri:19, instance:testClassCreatePaylink.eCommerceMakePayment@433d61fb]" name="fnLogout" duration-ms="1818" started-at="2020-11-11T10:12:21Z" finished-at="2020-11-11T10:12:23Z">
          <reporter-output>
          </reporter-output>
        </test-method> <!-- fnLogout -->
        <test-method status="PASS" signature="fnClose()[pri:0, instance:testClassCreatePaylink.eCommerceMakePayment@433d61fb]" name="fnClose" is-config="true" duration-ms="758" started-at="2020-11-11T10:12:25Z" finished-at="2020-11-11T10:12:25Z">
          <reporter-output>
          </reporter-output>
        </test-method> <!-- fnClose -->
      </class> <!-- testClassCreatePaylink.eCommerceMakePayment -->
    </test> <!-- 02_eCommerce_PayBylink -->
  </suite> <!-- 1stPayVPOS: CreatePayLink -->
</testng-results>
